# JRE version: Java(TM) SE Runtime Environment (8.0_201-b09) (build 1.8.0_201-b09)
# Java VM: Java HotSpot(TM) 64-Bit Server VM (25.201-b09 mixed mode windows-amd64 compressed oops)
Heap:
 PSYoungGen      total 296448K, used 4828K [0x00000000d8500000, 0x00000000eda80000, 0x0000000100000000)
  eden space 264704K, 1% used [0x00000000d8500000,0x00000000d89b72a8,0x00000000e8780000)
  from space 31744K, 0% used [0x00000000eae00000,0x00000000eae00000,0x00000000ecd00000)
  to   space 39424K, 0% used [0x00000000e8780000,0x00000000e8780000,0x00000000eae00000)
 ParOldGen       total 64512K, used 49748K [0x0000000088e00000, 0x000000008cd00000, 0x00000000d8500000)
  object space 64512K, 77% used [0x0000000088e00000,0x000000008be951b0,0x000000008cd00000)
 Metaspace       used 24027K, capacity 24624K, committed 24832K, reserved 1071104K
  class space    used 2804K, capacity 2966K, committed 3072K, reserved 1048576K
GC Heap History (10 events):
Event: 8.766 GC heap after
Heap after GC invocations=7 (full 1):
 PSYoungGen      total 133120K, used 0K [0x00000000d8500000, 0x00000000e1300000, 0x0000000100000000)
  eden space 122368K, 0% used [0x00000000d8500000,0x00000000d8500000,0x00000000dfc80000)
  from space 10752K, 0% used [0x00000000e0780000,0x00000000e0780000,0x00000000e1200000)
  to   space 11264K, 0% used [0x00000000dfc80000,0x00000000dfc80000,0x00000000e0780000)
 ParOldGen       total 64512K, used 14369K [0x0000000088e00000, 0x000000008cd00000, 0x00000000d8500000)
  object space 64512K, 22% used [0x0000000088e00000,0x0000000089c08630,0x000000008cd00000)
 Metaspace       used 20652K, capacity 21150K, committed 21248K, reserved 1069056K
  class space    used 2425K, capacity 2557K, committed 2560K, reserved 1048576K
}
Event: 11.797 GC heap before
{Heap before GC invocations=8 (full 1):
 PSYoungGen      total 133120K, used 122368K [0x00000000d8500000, 0x00000000e1300000, 0x0000000100000000)
  eden space 122368K, 100% used [0x00000000d8500000,0x00000000dfc80000,0x00000000dfc80000)
  from space 10752K, 0% used [0x00000000e0780000,0x00000000e0780000,0x00000000e1200000)
  to   space 11264K, 0% used [0x00000000dfc80000,0x00000000dfc80000,0x00000000e0780000)
 ParOldGen       total 64512K, used 14369K [0x0000000088e00000, 0x000000008cd00000, 0x00000000d8500000)
  object space 64512K, 22% used [0x0000000088e00000,0x0000000089c08630,0x000000008cd00000)
 Metaspace       used 24002K, capacity 24614K, committed 24832K, reserved 1071104K
  class space    used 2800K, capacity 2964K, committed 3072K, reserved 1048576K
Event: 11.816 GC heap after
Heap after GC invocations=8 (full 1):
 PSYoungGen      total 133632K, used 11257K [0x00000000d8500000, 0x00000000e5c00000, 0x0000000100000000)
  eden space 122368K, 0% used [0x00000000d8500000,0x00000000d8500000,0x00000000dfc80000)
  from space 11264K, 99% used [0x00000000dfc80000,0x00000000e077e6f0,0x00000000e0780000)
  to   space 16384K, 0% used [0x00000000e4c00000,0x00000000e4c00000,0x00000000e5c00000)
 ParOldGen       total 64512K, used 22271K [0x0000000088e00000, 0x000000008cd00000, 0x00000000d8500000)
  object space 64512K, 34% used [0x0000000088e00000,0x000000008a3bfcc8,0x000000008cd00000)
 Metaspace       used 24002K, capacity 24614K, committed 24832K, reserved 1071104K
  class space    used 2800K, capacity 2964K, committed 3072K, reserved 1048576K
}
Event: 12.584 GC heap before
{Heap before GC invocations=9 (full 1):
 PSYoungGen      total 133632K, used 133625K [0x00000000d8500000, 0x00000000e5c00000, 0x0000000100000000)
  eden space 122368K, 100% used [0x00000000d8500000,0x00000000dfc80000,0x00000000dfc80000)
  from space 11264K, 99% used [0x00000000dfc80000,0x00000000e077e6f0,0x00000000e0780000)
  to   space 16384K, 0% used [0x00000000e4c00000,0x00000000e4c00000,0x00000000e5c00000)
 ParOldGen       total 64512K, used 22271K [0x0000000088e00000, 0x000000008cd00000, 0x00000000d8500000)
  object space 64512K, 34% used [0x0000000088e00000,0x000000008a3bfcc8,0x000000008cd00000)
 Metaspace       used 24003K, capacity 24614K, committed 24832K, reserved 1071104K
  class space    used 2800K, capacity 2964K, committed 3072K, reserved 1048576K
Event: 12.622 GC heap after
Heap after GC invocations=9 (full 1):
 PSYoungGen      total 197120K, used 16376K [0x00000000d8500000, 0x00000000e7b80000, 0x0000000100000000)
  eden space 180736K, 0% used [0x00000000d8500000,0x00000000d8500000,0x00000000e3580000)
  from space 16384K, 99% used [0x00000000e4c00000,0x00000000e5bfe1d0,0x00000000e5c00000)
  to   space 23040K, 0% used [0x00000000e3580000,0x00000000e3580000,0x00000000e4c00000)
 ParOldGen       total 64512K, used 31489K [0x0000000088e00000, 0x000000008cd00000, 0x00000000d8500000)
  object space 64512K, 48% used [0x0000000088e00000,0x000000008acc04d0,0x000000008cd00000)
 Metaspace       used 24003K, capacity 24614K, committed 24832K, reserved 1071104K
  class space    used 2800K, capacity 2964K, committed 3072K, reserved 1048576K
}
Event: 14.494 GC heap before
{Heap before GC invocations=10 (full 1):
 PSYoungGen      total 197120K, used 197112K [0x00000000d8500000, 0x00000000e7b80000, 0x0000000100000000)
  eden space 180736K, 100% used [0x00000000d8500000,0x00000000e3580000,0x00000000e3580000)
  from space 16384K, 99% used [0x00000000e4c00000,0x00000000e5bfe1d0,0x00000000e5c00000)
  to   space 23040K, 0% used [0x00000000e3580000,0x00000000e3580000,0x00000000e4c00000)
 ParOldGen       total 64512K, used 31489K [0x0000000088e00000, 0x000000008cd00000, 0x00000000d8500000)
  object space 64512K, 48% used [0x0000000088e00000,0x000000008acc04d0,0x000000008cd00000)
 Metaspace       used 24007K, capacity 24614K, committed 24832K, reserved 1071104K
  class space    used 2800K, capacity 2964K, committed 3072K, reserved 1048576K
Event: 14.760 GC heap after
Heap after GC invocations=10 (full 1):
 PSYoungGen      total 203776K, used 23039K [0x00000000d8500000, 0x00000000ecd00000, 0x0000000100000000)
  eden space 180736K, 0% used [0x00000000d8500000,0x00000000d8500000,0x00000000e3580000)
  from space 23040K, 99% used [0x00000000e3580000,0x00000000e4bffed0,0x00000000e4c00000)
  to   space 31744K, 0% used [0x00000000eae00000,0x00000000eae00000,0x00000000ecd00000)
 ParOldGen       total 64512K, used 44247K [0x0000000088e00000, 0x000000008cd00000, 0x00000000d8500000)
  object space 64512K, 68% used [0x0000000088e00000,0x000000008b935fe8,0x000000008cd00000)
 Metaspace       used 24007K, capacity 24614K, committed 24832K, reserved 1071104K
  class space    used 2800K, capacity 2964K, committed 3072K, reserved 1048576K
}
Event: 16.603 GC heap before
{Heap before GC invocations=11 (full 1):
 PSYoungGen      total 203776K, used 203775K [0x00000000d8500000, 0x00000000ecd00000, 0x0000000100000000)
  eden space 180736K, 100% used [0x00000000d8500000,0x00000000e3580000,0x00000000e3580000)
  from space 23040K, 99% used [0x00000000e3580000,0x00000000e4bffed0,0x00000000e4c00000)
  to   space 31744K, 0% used [0x00000000eae00000,0x00000000eae00000,0x00000000ecd00000)
 ParOldGen       total 64512K, used 44247K [0x0000000088e00000, 0x000000008cd00000, 0x00000000d8500000)
  object space 64512K, 68% used [0x0000000088e00000,0x000000008b935fe8,0x000000008cd00000)
 Metaspace       used 24027K, capacity 24624K, committed 24832K, reserved 1071104K
  class space    used 2804K, capacity 2966K, committed 3072K, reserved 1048576K
Event: 16.655 GC heap after
Heap after GC invocations=11 (full 1):
 PSYoungGen      total 296448K, used 31720K [0x00000000d8500000, 0x00000000eda80000, 0x0000000100000000)
  eden space 264704K, 0% used [0x00000000d8500000,0x00000000d8500000,0x00000000e8780000)
  from space 31744K, 99% used [0x00000000eae00000,0x00000000eccfa2a8,0x00000000ecd00000)
  to   space 39424K, 0% used [0x00000000e8780000,0x00000000e8780000,0x00000000eae00000)
 ParOldGen       total 64512K, used 51962K [0x0000000088e00000, 0x000000008cd00000, 0x00000000d8500000)
  object space 64512K, 80% used [0x0000000088e00000,0x000000008c0be870,0x000000008cd00000)
 Metaspace       used 24027K, capacity 24624K, committed 24832K, reserved 1071104K
  class space    used 2804K, capacity 2966K, committed 3072K, reserved 1048576K
}
Event: 16.656 GC heap before
{Heap before GC invocations=12 (full 2):
 PSYoungGen      total 296448K, used 31720K [0x00000000d8500000, 0x00000000eda80000, 0x0000000100000000)
  eden space 264704K, 0% used [0x00000000d8500000,0x00000000d8500000,0x00000000e8780000)
  from space 31744K, 99% used [0x00000000eae00000,0x00000000eccfa2a8,0x00000000ecd00000)
  to   space 39424K, 0% used [0x00000000e8780000,0x00000000e8780000,0x00000000eae00000)
 ParOldGen       total 64512K, used 51962K [0x0000000088e00000, 0x000000008cd00000, 0x00000000d8500000)
  object space 64512K, 80% used [0x0000000088e00000,0x000000008c0be870,0x000000008cd00000)
 Metaspace       used 24027K, capacity 24624K, committed 24832K, reserved 1071104K
  class space    used 2804K, capacity 2966K, committed 3072K, reserved 1048576K

